0 info it worked if it ends with ok
1 verbose cli [ 'node',
1 verbose cli   '/Users/jiamiu/.nvm/versions/node/v0.12.0/lib/node_modules/tnpm/node_modules/.bin/ali-npm',
1 verbose cli   '--no-proxy',
1 verbose cli   '--disturl=http://npm.taobao.org/mirrors/node',
1 verbose cli   '--userconfig=/Users/jiamiu/.tnpmrc',
1 verbose cli   '--registry=http://registry.npm.alibaba-inc.com',
1 verbose cli   '--node-gyp=/Users/jiamiu/.nvm/versions/node/v0.12.0/lib/node_modules/tnpm/node_modules/pangyp/bin/node-gyp.js',
1 verbose cli   '--cache=/Users/jiamiu/.tnpm',
1 verbose cli   'run',
1 verbose cli   'test' ]
2 info using npm@2.2.0
3 info using node@v0.12.0
4 verbose run-script [ 'pretest', 'test', 'posttest' ]
5 info pretest roof-node@0.0.6
6 info test roof-node@0.0.6
7 verbose unsafe-perm in lifecycle true
8 info roof-node@0.0.6 Failed to exec test script
9 verbose stack Error: roof-node@0.0.6 test: `mocha --require ./test/init.js --compilers js:babel/register  ./test/spec/*`
9 verbose stack Exit status 2
9 verbose stack     at EventEmitter.<anonymous> (/Users/jiamiu/.nvm/versions/node/v0.12.0/lib/node_modules/tnpm/node_modules/ali-npm/lib/utils/lifecycle.js:213:16)
9 verbose stack     at EventEmitter.emit (events.js:110:17)
9 verbose stack     at ChildProcess.<anonymous> (/Users/jiamiu/.nvm/versions/node/v0.12.0/lib/node_modules/tnpm/node_modules/ali-npm/lib/utils/spawn.js:24:14)
9 verbose stack     at ChildProcess.emit (events.js:110:17)
9 verbose stack     at maybeClose (child_process.js:1008:16)
9 verbose stack     at Process.ChildProcess._handle.onexit (child_process.js:1080:5)
10 verbose pkgid roof-node@0.0.6
11 verbose cwd /Users/jiamiu/Documents/work/alipay/roof-node
12 error Darwin 13.4.0
13 error argv "node" "/Users/jiamiu/.nvm/versions/node/v0.12.0/lib/node_modules/tnpm/node_modules/.bin/ali-npm" "--no-proxy" "--disturl=http://npm.taobao.org/mirrors/node" "--userconfig=/Users/jiamiu/.tnpmrc" "--registry=http://registry.npm.alibaba-inc.com" "--node-gyp=/Users/jiamiu/.nvm/versions/node/v0.12.0/lib/node_modules/tnpm/node_modules/pangyp/bin/node-gyp.js" "--cache=/Users/jiamiu/.tnpm" "run" "test"
14 error node v0.12.0
15 error npm  v2.2.0
16 error code ELIFECYCLE
17 error roof-node@0.0.6 test: `mocha --require ./test/init.js --compilers js:babel/register  ./test/spec/*`
17 error Exit status 2
18 error Failed at the roof-node@0.0.6 test script 'mocha --require ./test/init.js --compilers js:babel/register  ./test/spec/*'.
18 error This is most likely a problem with the roof-node package,
18 error not with npm itself.
18 error Tell the author that this fails on your system:
18 error     mocha --require ./test/init.js --compilers js:babel/register  ./test/spec/*
18 error You can get their info via:
18 error     npm owner ls roof-node
18 error There is likely additional logging output above.
19 verbose exit [ 1, true ]
